[ 2018-01-17T17:20:57+08:00 ] 127.0.0.1 127.0.0.1 GET /
[ log ] extension.com/ [运行时间：0.062532s][吞吐率：15.99req/s] [内存消耗：996.55kb] [文件加载：41]
[ info ] [ LANG ] D:\phpStudy\PHPTutorial\WWW\extension\thinkphp\lang\zh-cn.php
[ info ] [ ROUTE ] array (
  'type' => 'module',
  'module' => 
  array (
    0 => '',
    1 => NULL,
    2 => NULL,
  ),
)
[ info ] [ HEADER ] array (
  'accept-language' => 'zh-CN,zh;q=0.9',
  'accept-encoding' => 'gzip, deflate',
  'accept' => 'text/html,application/xhtml+xml,application/xml;q=0.9,image/webp,image/apng,*/*;q=0.8',
  'user-agent' => 'Mozilla/5.0 (Windows NT 10.0; WOW64) AppleWebKit/537.36 (KHTML, like Gecko) Chrome/63.0.3239.132 Safari/537.36',
  'upgrade-insecure-requests' => '1',
  'cache-control' => 'max-age=0',
  'connection' => 'keep-alive',
  'host' => 'extension.com',
  'content-length' => '',
  'content-type' => '',
)
[ info ] [ PARAM ] array (
)
[ info ] [ RUN ] app\index\controller\Index->index[ D:\phpStudy\PHPTutorial\WWW\extension\application\index\controller\Index.php ]
[ info ] [ LOG ] INIT File

---------------------------------------------------------------
[ 2018-01-17T17:20:57+08:00 ] 127.0.0.1 127.0.0.1 GET /admin.html
[ log ] extension.com/admin.html [运行时间：0.090572s][吞吐率：11.04req/s] [内存消耗：4,518.60kb] [文件加载：73]
[ info ] [ LANG ] D:\phpStudy\PHPTutorial\WWW\extension\thinkphp\lang\zh-cn.php
[ info ] [ ROUTE ] array (
  'type' => 'module',
  'module' => 
  array (
    0 => 'admin',
    1 => NULL,
    2 => NULL,
  ),
)
[ info ] [ HEADER ] array (
  'accept-language' => 'zh-CN,zh;q=0.9',
  'accept-encoding' => 'gzip, deflate',
  'accept' => 'text/html,application/xhtml+xml,application/xml;q=0.9,image/webp,image/apng,*/*;q=0.8',
  'user-agent' => 'Mozilla/5.0 (Windows NT 10.0; WOW64) AppleWebKit/537.36 (KHTML, like Gecko) Chrome/63.0.3239.132 Safari/537.36',
  'upgrade-insecure-requests' => '1',
  'cache-control' => 'max-age=0',
  'connection' => 'keep-alive',
  'host' => 'extension.com',
  'content-length' => '',
  'content-type' => '',
)
[ info ] [ PARAM ] array (
)
[ info ] [ SESSION ] INIT array (
  'id' => '',
  'var_session_id' => '',
  'prefix' => 'think',
  'type' => '',
  'auto_start' => true,
)
[ info ] [ BEHAVIOR ] Run \app\common\behavior\WebLog @module_init [ RunTime:0.022956s ]
[ info ] [ DB ] INIT mysql
[ info ] [ LOG ] INIT File
[ error ] [1045]SQLSTATE[HY000] [1045] Access denied for user 'root'@'localhost' (using password: YES)[D:\phpStudy\PHPTutorial\WWW\extension\thinkphp\library\think\db\Connection.php:300]

---------------------------------------------------------------
[ 2018-01-17T17:27:08+08:00 ] 127.0.0.1 127.0.0.1 GET /admin.html
[ log ] extension.com/admin.html [运行时间：0.100385s][吞吐率：9.96req/s] [内存消耗：4,512.59kb] [文件加载：73]
[ info ] [ LANG ] D:\phpStudy\PHPTutorial\WWW\extension\thinkphp\lang\zh-cn.php
[ info ] [ ROUTE ] array (
  'type' => 'module',
  'module' => 
  array (
    0 => 'admin',
    1 => NULL,
    2 => NULL,
  ),
)
[ info ] [ HEADER ] array (
  'cookie' => 'PHPSESSID=4mktm5o6l705gspge7phoqhvc1; thinkphp_show_page_trace=0|0',
  'accept-language' => 'zh-CN,zh;q=0.9',
  'accept-encoding' => 'gzip, deflate',
  'accept' => 'text/html,application/xhtml+xml,application/xml;q=0.9,image/webp,image/apng,*/*;q=0.8',
  'upgrade-insecure-requests' => '1',
  'user-agent' => 'Mozilla/5.0 (Windows NT 10.0; WOW64) AppleWebKit/537.36 (KHTML, like Gecko) Chrome/63.0.3239.132 Safari/537.36',
  'cache-control' => 'max-age=0',
  'connection' => 'keep-alive',
  'host' => 'extension.com',
  'content-length' => '',
  'content-type' => '',
)
[ info ] [ PARAM ] array (
)
[ info ] [ SESSION ] INIT array (
  'id' => '',
  'var_session_id' => '',
  'prefix' => 'think',
  'type' => '',
  'auto_start' => true,
)
[ info ] [ BEHAVIOR ] Run \app\common\behavior\WebLog @module_init [ RunTime:0.009418s ]
[ info ] [ DB ] INIT mysql
[ info ] [ LOG ] INIT File
[ error ] [0]invalid data source name[D:\phpStudy\PHPTutorial\WWW\extension\thinkphp\library\think\db\Connection.php:300]

---------------------------------------------------------------
[ 2018-01-17T17:28:15+08:00 ] 127.0.0.1 127.0.0.1 GET /admin.html
[ log ] extension.com/admin.html [运行时间：0.114793s][吞吐率：8.71req/s] [内存消耗：4,539.66kb] [文件加载：69]
[ info ] [ LANG ] D:\phpStudy\PHPTutorial\WWW\extension\thinkphp\lang\zh-cn.php
[ info ] [ ROUTE ] array (
  'type' => 'module',
  'module' => 
  array (
    0 => 'admin',
    1 => NULL,
    2 => NULL,
  ),
)
[ info ] [ HEADER ] array (
  'cookie' => 'PHPSESSID=4mktm5o6l705gspge7phoqhvc1; thinkphp_show_page_trace=0|0',
  'accept-language' => 'zh-CN,zh;q=0.9',
  'accept-encoding' => 'gzip, deflate',
  'accept' => 'text/html,application/xhtml+xml,application/xml;q=0.9,image/webp,image/apng,*/*;q=0.8',
  'upgrade-insecure-requests' => '1',
  'user-agent' => 'Mozilla/5.0 (Windows NT 10.0; WOW64) AppleWebKit/537.36 (KHTML, like Gecko) Chrome/63.0.3239.132 Safari/537.36',
  'cache-control' => 'max-age=0',
  'connection' => 'keep-alive',
  'host' => 'extension.com',
  'content-length' => '',
  'content-type' => '',
)
[ info ] [ PARAM ] array (
)
[ info ] [ SESSION ] INIT array (
  'id' => '',
  'var_session_id' => '',
  'prefix' => 'think',
  'type' => '',
  'auto_start' => true,
)
[ info ] [ BEHAVIOR ] Run \app\common\behavior\WebLog @module_init [ RunTime:0.005542s ]
[ info ] [ DB ] INIT mysql
[ info ] [ BEHAVIOR ] Run \app\common\behavior\WebLog @app_end [ RunTime:0.049202s ]
[ info ] [ LOG ] INIT File
[ sql ] [ DB ] CONNECT:[ UseTime:0.001257s ] mysql:dbname=extension;host=127.0.0.1;port=3306;charset=utf8
[ sql ] [ SQL ] SHOW COLUMNS FROM `tp_web_log_all` [ RunTime:0.037608s ]
[ sql ] [ SQL ] INSERT INTO `tp_web_log_all` (`uid` , `ip` , `location` , `os` , `browser` , `url` , `module` , `controller` , `action` , `method` , `data` , `create_at`) VALUES (0 , '127.0.0.1' , '本机地址 本机地址  ' , 'Windows 10' , 'Chrome(63.0.3239.132)' , 'http://extension.com/admin.html' , 'admin' , 'Index' , 'index' , 'GET' , 'a:0:{}' , 1516181295) [ RunTime:0.000589s ]

---------------------------------------------------------------
[ 2018-01-17T17:28:15+08:00 ] 127.0.0.1 127.0.0.1 GET /admin/pub/login.html
[ log ] extension.com/admin/pub/login.html [运行时间：0.091223s][吞吐率：10.96req/s] [内存消耗：4,707.81kb] [文件加载：72]
[ info ] [ LANG ] D:\phpStudy\PHPTutorial\WWW\extension\thinkphp\lang\zh-cn.php
[ info ] [ ROUTE ] array (
  'type' => 'module',
  'module' => 
  array (
    0 => 'admin',
    1 => 'pub',
    2 => 'login',
  ),
)
[ info ] [ HEADER ] array (
  'cookie' => 'PHPSESSID=4mktm5o6l705gspge7phoqhvc1; thinkphp_show_page_trace=0|0',
  'accept-language' => 'zh-CN,zh;q=0.9',
  'accept-encoding' => 'gzip, deflate',
  'accept' => 'text/html,application/xhtml+xml,application/xml;q=0.9,image/webp,image/apng,*/*;q=0.8',
  'upgrade-insecure-requests' => '1',
  'user-agent' => 'Mozilla/5.0 (Windows NT 10.0; WOW64) AppleWebKit/537.36 (KHTML, like Gecko) Chrome/63.0.3239.132 Safari/537.36',
  'cache-control' => 'max-age=0',
  'connection' => 'keep-alive',
  'host' => 'extension.com',
  'content-length' => '',
  'content-type' => '',
)
[ info ] [ PARAM ] array (
)
[ info ] [ SESSION ] INIT array (
  'id' => '',
  'var_session_id' => '',
  'prefix' => 'think',
  'type' => '',
  'auto_start' => true,
)
[ info ] [ BEHAVIOR ] Run \app\common\behavior\WebLog @module_init [ RunTime:0.004634s ]
[ info ] [ RUN ] app\admin\controller\Pub->login[ D:\phpStudy\PHPTutorial\WWW\extension\application\admin\controller\Pub.php ]
[ info ] [ VIEW ] D:\phpStudy\PHPTutorial\WWW\extension\public/../application/admin\view\pub\login.html [ array (
) ]
[ info ] [ DB ] INIT mysql
[ info ] [ BEHAVIOR ] Run \app\common\behavior\WebLog @app_end [ RunTime:0.044747s ]
[ info ] [ LOG ] INIT File
[ sql ] [ DB ] CONNECT:[ UseTime:0.000826s ] mysql:dbname=extension;host=127.0.0.1;port=3306;charset=utf8
[ sql ] [ SQL ] SHOW COLUMNS FROM `tp_web_log_all` [ RunTime:0.035176s ]
[ sql ] [ SQL ] INSERT INTO `tp_web_log_all` (`uid` , `ip` , `location` , `os` , `browser` , `url` , `module` , `controller` , `action` , `method` , `data` , `create_at`) VALUES (0 , '127.0.0.1' , '本机地址 本机地址  ' , 'Windows 10' , 'Chrome(63.0.3239.132)' , 'http://extension.com/admin/pub/login.html' , 'admin' , 'Pub' , 'login' , 'GET' , 'a:0:{}' , 1516181295) [ RunTime:0.000375s ]

---------------------------------------------------------------
[ 2018-01-17T17:28:15+08:00 ] 127.0.0.1 127.0.0.1 GET /captcha.html
[ log ] extension.com/captcha.html [运行时间：0.030092s][吞吐率：33.23req/s] [内存消耗：1,029.80kb] [文件加载：41]
[ info ] [ LANG ] D:\phpStudy\PHPTutorial\WWW\extension\thinkphp\lang\zh-cn.php
[ info ] [ ROUTE ] array (
  'type' => 'method',
  'method' => 
  array (
    0 => '\\think\\captcha\\CaptchaController',
    1 => 'index',
  ),
  'var' => 
  array (
  ),
)
[ info ] [ HEADER ] array (
  'cookie' => 'PHPSESSID=4mktm5o6l705gspge7phoqhvc1; thinkphp_show_page_trace=0|0',
  'accept-language' => 'zh-CN,zh;q=0.9',
  'accept-encoding' => 'gzip, deflate',
  'referer' => 'http://extension.com/admin/pub/login.html',
  'accept' => 'image/webp,image/apng,image/*,*/*;q=0.8',
  'user-agent' => 'Mozilla/5.0 (Windows NT 10.0; WOW64) AppleWebKit/537.36 (KHTML, like Gecko) Chrome/63.0.3239.132 Safari/537.36',
  'connection' => 'keep-alive',
  'host' => 'extension.com',
  'content-length' => '',
  'content-type' => '',
)
[ info ] [ PARAM ] array (
  'id' => '',
)
[ info ] [ RUN ] think\captcha\CaptchaController->index[ D:\phpStudy\PHPTutorial\WWW\extension\vendor\topthink\think-captcha\src\CaptchaController.php ]
[ info ] [ SESSION ] INIT array (
  'id' => '',
  'var_session_id' => '',
  'prefix' => 'think',
  'type' => '',
  'auto_start' => true,
)
[ info ] [ LOG ] INIT File

---------------------------------------------------------------
